<?xml version='1.0' encoding='UTF-8'?>
<testsuite hostname="el-process" name="MatrixTest" tests="2" errors="0" failures="0" skipped="0" time="0.021" timestamp="2020-05-06T17:32:02">
                     <properties>
[...]
</properties>
                     <testcase classname="MatrixTest" name="Multiplication of Scalar" time="0.018">
                                                 
                                               </testcase><testcase classname="MatrixTest" name="Multiplication of Matrices" time="0.003">
                                                 
                                               </testcase>
                     <system-out><![CDATA[]]></system-out>
                     <system-err><![CDATA[]]></system-err>
                   </testsuite>