<?xml version='1.0' encoding='UTF-8'?>
<testsuite hostname="el-process" name="MatrixTest" tests="2" errors="0" failures="0" skipped="0" time="0.033" timestamp="2023-05-04T12:35:05">
                     <properties>
[...]
</properties>
                     <testcase classname="MatrixTest" name="Multiplication of Scalar" time="0.027">
                                                 
                                               </testcase><testcase classname="MatrixTest" name="Multiplication of Matrices" time="0.006">
                                                 
                                               </testcase>
                     <system-out><![CDATA[]]></system-out>
                     <system-err><![CDATA[]]></system-err>
                   </testsuite>